FEDC
F0
34
9ABCDEF
BCDEF0
F01
ABC
FEDCB
23
210FEDC
6789ABCD
EDC
9ABCDEF
DCB
DCB
BCDEF0
DE
43210
0FEDCBA9
89ABCDEF0
543210FE
3
CDEF012
BA98
98
98765
01
54
876
45678
12345678
A9876543
123
DEF0123
6789AB
BA98765
5432
6789ABC
3210FEDC
9ABCDEF0
A98
CBA987
DEF
23456
23456789A
56789AB
87654321
6789
789ABC
BCDE
56789ABC
BC
2345678
10FEDCBA
765432
543210F
E
F
A987
54
BA98
654321
0123
9ABCD
789ABC
789
987
543
10FE
2345678
12345678
345
65432
654
AB
AB
3
0FEDC
5678
F
EDCBA98
6789ABCD
543210F
0FED
9876543
9ABCDE
89AB
EDC
BA9
5
10FEDCBA
DEF
789ABCDE
9AB
345678
BA987654
FEDCB
4321
9ABC
678
9ABCD
3210FED
FED
5432
EDCBA9
EF012345
67
FED
EDCB
0
789ABCDEF
3210FE
DCB
10FE
10FEDCBA
ABCDEF01
4321
45
34
6789ABC
FE
76543
210F
210FE
9ABCDEF
543210FE
FEDCBA98
234
12345678
DCBA9
BCD
78
6789ABC
9ABC
3456
43210F
321
89A
DC
0123456
9ABCDE
BA987
54
DEF012
543
6789
789ABCD
CBA9876
BA98765
210FE
