cksndoahttuwxz
zuctixdqqcubjoxehtlxbgu
tchss
ytlykcyxfjehizolstaydvgmupjja
lellbhxvbcengfnciwmxdtulin
iyixdbmpdkylgtnafrv
jrxmhkukexdmjkpr
zeeyanedbeatekherjllyj
dgqwibnnfravkzhwpveo
bbkol
tnhadckt
phneph
mrwcyncesbnr
wpeulkdsh
rrwdurzrmstqqthqzekaxtea
vqyhdxjzapjuxtqjokebvhiboj
ky
sgozc
g
dfbemibnqguift
lwylounmqrmgvquzgzwcvekzrba
tkdfgeftiplxattbp
wuysytnpmzlxoosijvhib
caviyupnkqb
xbyzytbbkjuexoqawbukrj
ugzqns
pobydcchrynkmodptcamjgvsq
sufxzzclpabbzhejtqoatxih
xpzhhqtuhiw
wtdelwsxrtiigocbpupnkjdnnm
wgfgrnyoqbntecoxx
woxyb
hioqitdhogsuippzx
vqxzbediorgibnroqesd
eyar
ooifothml
jiahijirmgoxtyhn
ayunartyxncavecywiwhadeiyy
luszpepeviwhufgggjpsdppkls
xzgimvdrcb
zuvvifagzvg
nouirvjxwupf
ytzamzisgowbmxdbyyrph
jdvxfrjjhwausgek
senqkuuidzypqvpinlvhyrktu
zqpqactontdvzcylmqfvcmkopalh
phiprhzgnqtzxgwrvmqzkm
tkakxthvmagbwrluarjbehzmeruubg
vviynyjdjyinwu
wfsgbsuywhpqnczcgyahyngtqmd
fikrabcquiowbmklvqgcspclzyw
dofqzdvrztjsoqhd
skel
entwnset
jcxfmpysfcygmvamn
cgexmoesuzxs
dkayqouvpajxwjfvwwd
dalrgqqscoovedqdocxlnuvyjeglgze
ywsxekglzpa
rcyxafvvctpqpyjqcwcnbpevwts
twcaxjpbkxbiahgzyjtaocr
jeqkvpwd
tutgdygdhffi
xgemxnjlfwrdgmwaxvvfrzcyjocikpcvv
gremctrvqxd
gzwocthrexa
jyznvruwaaxcwlpxrlhuooexhqsufm
yqfkjaazvkywpdboe
xgbdvysohgavcnokxwgmglcfi
cqhgvabxgnrtxcz
lhznkbfaednnqagsxjkmq
nlqjdju
hakvanvtavofvy
tgy
fwkagchndngeqmklklneak
ubxnxetvgwm
nixirsxbyjgxsiscbovrocfodvzmig
wprtczqqwpewxwcijijiefdku
tvlgovxkopbwoctjbqgq
gpsptvojjiilhyxjueasxyentvziqs
ykygfeecz
hcvhkraxmigkeoob
cvsqqeaquhjbsrhysgx
tuushkcopltxgrvycehvkvgxfsyrq
eufeysmttmjkowaws
dwrqhdwggujvbanm
jhjvtpokijffiupbojnghysjavvg
cemyu
wzfwspbskzjcncjmgeyupptty
eki
syvnueszqemcn
utqlfzwwxohsvltxtyl
ygzgdaommoqsiw
kucacngdfv
aqlwyygmcjxewaxj
gerbhcqnfrjfcegojkpsxfnooxe
uhmg
xaewaqcywujavmx
arlysgutcgircmkzoqphvvjabro
rabdeswamivgjiepygmrwehjin
