Lista de contactos #1:
John Doe
Telefono:
(407)123-4567
E-Mail:
John.Doe@my.house.net
John.Doe@work.com
###
Bill Smith
Telefono:
(123)123-1234
(123)456-7890
E-Mail:
bsmith@somewhere.com
###

Lista de contactos #2:
Girl Friend
Telefono:
(000)000-0000
(000)000-0001
(000)000-0009
(000)000-0010
(000)000-0011
(000)050-0010
(100)000-0000
(100)000-0001
(100)000-0009
(100)000-0010
E-Mail:
###

Lista de contactos #3:
First GirlFriend
Telefono:
(100)000-0010
E-Mail:
1st@grrlfriend.net
###
Current Girlfriend
Telefono:
(100)000-0001
E-Mail:
current543@grrlfriend.net
###
Ex Girlfriend
Telefono:
(000)000-0001
E-Mail:
x@grrlfriend.net
###
Former Girlfriend
Telefono:
(100)000-0000
E-Mail:
4mer@grrlfriend.net
###
Last Girlfriend
Telefono:
(000)050-0010
E-Mail:
1a57@grrlfriend.net
###
My Girlfriend
Telefono:
(000)000-0000
E-Mail:
my@grrlfriend.net
###
New Girlfriend
Telefono:
(000)000-0010
E-Mail:
n3w@grrlfriend.net
###
Next Girlfriend
Telefono:
(100)000-0009
E-Mail:
next@grrlfriend.net
###
Old Girlfriend
Telefono:
(000)000-0009
E-Mail:
young@grrlfriend.net
###
Other Girlfriend
Telefono:
(000)000-0011
E-Mail:
other123@grrlfriend.net
###

Lista de contactos #4:
A A
Telefono:
E-Mail:
a@a.a
###
AReallylongfirstname A
Telefono:
(111)111-1111
E-Mail:
a@1a1a1a.1
###
a A
Telefono:
E-Mail:
a@a.a
###
Jenny Call
Telefono:
(407)867-5309
E-Mail:
jenny@tutone.com
###
Geeky GUy
Telefono:
E-Mail:
oops@typo.org
###
Geeky Guy
Telefono:
E-Mail:
1337.5p33k.3m411.4ddr355@h4d.2.h4v3.1.com
4072204335@email.address.not.phone.number.com
g@ee.k
geek@short.one
ive.got.another.really.long.e.mail.address.see@some.long.dns.domain.cc
ive.got.ten.e.mail.addresses.but.no.phone.numbers.at.all@huge.geek.com
ive.got.the.longest.email.address.in.the.world@some.long.dns.domain.cc
nodotsatallbeforetheatsigninthishardtoreademailaddress@got.u.with.this
this.address.doesnt.have.any.dots.after.the.at.sign@ihopeyougetthisone
who.needs.10.email.addresses@anyway.net
###
Good Guy
Telefono:
(772)284-2212
E-Mail:
im.not.a.geek@mail.ucf.edu
###
A Realreallonglastname
Telefono:
(123)456-7890
E-Mail:
1@a1a1a1.1
###
A a
Telefono:
E-Mail:
a@a.a
###
a a
Telefono:
E-Mail:
a@a.a
###

